<?xml version="1.0" encoding="UTF-8"?>
<testsuites name="jest tests" tests="1" failures="0" errors="0" time="3.936">
  <testsuite name="Just check if test setup is working" errors="0" failures="0" skipped="0" timestamp="2023-03-20T12:08:42" time="3.076" tests="1">
    <testcase classname="Just check if test setup is working works?" name="Just check if test setup is working works?" time="0.032">
    </testcase>
  </testsuite>
</testsuites>